  Source.cpp
C:\Users\laptop\source\repos\client and server\client and server\Source.cpp(4): warning C4305: 'initializing': truncation from 'double' to 'float'
C:\Users\laptop\source\repos\client and server\client and server\Source.cpp(24): warning C4305: 'initializing': truncation from 'double' to 'float'
C:\Users\laptop\source\repos\client and server\client and server\Source.cpp(35): warning C4244: 'argument': conversion from 'double' to 'GLfloat', possible loss of data
C:\Users\laptop\source\repos\client and server\client and server\Source.cpp(59): warning C4305: 'argument': truncation from 'double' to 'GLfloat'
C:\Users\laptop\source\repos\client and server\client and server\Source.cpp(75): warning C4305: 'argument': truncation from 'double' to 'GLfloat'
C:\Users\laptop\source\repos\client and server\client and server\Source.cpp(78): warning C4305: 'argument': truncation from 'double' to 'GLfloat'
C:\Users\laptop\source\repos\client and server\client and server\Source.cpp(79): warning C4305: 'argument': truncation from 'double' to 'GLfloat'
C:\Users\laptop\source\repos\client and server\client and server\Source.cpp(85): warning C4305: 'argument': truncation from 'double' to 'GLfloat'
C:\Users\laptop\source\repos\client and server\client and server\Source.cpp(101): warning C4305: 'argument': truncation from 'double' to 'GLfloat'
C:\Users\laptop\source\repos\client and server\client and server\Source.cpp(102): warning C4305: 'argument': truncation from 'double' to 'GLfloat'
C:\Users\laptop\source\repos\client and server\client and server\Source.cpp(103): warning C4305: 'argument': truncation from 'double' to 'GLfloat'
C:\Users\laptop\source\repos\client and server\client and server\Source.cpp(104): warning C4305: 'argument': truncation from 'double' to 'GLfloat'
C:\Users\laptop\source\repos\client and server\client and server\Source.cpp(105): warning C4305: 'argument': truncation from 'double' to 'GLfloat'
C:\Users\laptop\source\repos\client and server\client and server\Source.cpp(106): warning C4305: 'argument': truncation from 'double' to 'GLfloat'
C:\Users\laptop\source\repos\client and server\client and server\Source.cpp(109): warning C4305: 'argument': truncation from 'double' to 'GLfloat'
C:\Users\laptop\source\repos\client and server\client and server\Source.cpp(177): warning C4305: 'argument': truncation from 'double' to 'GLfloat'
C:\Users\laptop\source\repos\client and server\client and server\Source.cpp(183): warning C4305: 'argument': truncation from 'double' to 'GLfloat'
C:\Users\laptop\source\repos\client and server\client and server\Source.cpp(189): warning C4305: 'argument': truncation from 'double' to 'GLfloat'
C:\Users\laptop\source\repos\client and server\client and server\Source.cpp(221): warning C4138: '*/' found outside of comment
C:\Users\laptop\source\repos\client and server\client and server\Source.cpp(221): error C2059: syntax error: '/'
C:\Users\laptop\source\repos\client and server\client and server\Source.cpp(227): warning C4305: 'argument': truncation from 'double' to 'GLfloat'
C:\Users\laptop\source\repos\client and server\client and server\Source.cpp(237): warning C4305: 'argument': truncation from 'double' to 'GLfloat'
C:\Users\laptop\source\repos\client and server\client and server\Source.cpp(238): warning C4305: 'argument': truncation from 'double' to 'GLfloat'
C:\Users\laptop\source\repos\client and server\client and server\Source.cpp(239): warning C4305: 'argument': truncation from 'double' to 'GLfloat'
C:\Users\laptop\source\repos\client and server\client and server\Source.cpp(240): warning C4305: 'argument': truncation from 'double' to 'GLfloat'
C:\Users\laptop\source\repos\client and server\client and server\Source.cpp(243): warning C4305: 'argument': truncation from 'double' to 'GLfloat'
C:\Users\laptop\source\repos\client and server\client and server\Source.cpp(245): warning C4305: 'argument': truncation from 'double' to 'GLfloat'
C:\Users\laptop\source\repos\client and server\client and server\Source.cpp(246): warning C4305: 'argument': truncation from 'double' to 'GLfloat'
C:\Users\laptop\source\repos\client and server\client and server\Source.cpp(247): warning C4305: 'argument': truncation from 'double' to 'GLfloat'
C:\Users\laptop\source\repos\client and server\client and server\Source.cpp(248): warning C4305: 'argument': truncation from 'double' to 'GLfloat'
C:\Users\laptop\source\repos\client and server\client and server\Source.cpp(251): warning C4305: 'argument': truncation from 'double' to 'GLfloat'
C:\Users\laptop\source\repos\client and server\client and server\Source.cpp(254): warning C4305: 'argument': truncation from 'double' to 'GLfloat'
C:\Users\laptop\source\repos\client and server\client and server\Source.cpp(255): warning C4305: 'argument': truncation from 'double' to 'GLfloat'
C:\Users\laptop\source\repos\client and server\client and server\Source.cpp(259): warning C4305: 'argument': truncation from 'double' to 'GLfloat'
C:\Users\laptop\source\repos\client and server\client and server\Source.cpp(262): warning C4305: 'argument': truncation from 'double' to 'GLfloat'
C:\Users\laptop\source\repos\client and server\client and server\Source.cpp(263): warning C4305: 'argument': truncation from 'double' to 'GLfloat'
C:\Users\laptop\source\repos\client and server\client and server\Source.cpp(267): warning C4305: 'argument': truncation from 'double' to 'GLfloat'
C:\Users\laptop\source\repos\client and server\client and server\Source.cpp(270): warning C4305: 'argument': truncation from 'double' to 'GLfloat'
C:\Users\laptop\source\repos\client and server\client and server\Source.cpp(271): warning C4305: 'argument': truncation from 'double' to 'GLfloat'
C:\Users\laptop\source\repos\client and server\client and server\Source.cpp(297): warning C4305: 'argument': truncation from 'double' to 'GLfloat'
C:\Users\laptop\source\repos\client and server\client and server\Source.cpp(336): warning C4305: 'argument': truncation from 'double' to 'GLfloat'
C:\Users\laptop\source\repos\client and server\client and server\Source.cpp(420): warning C4305: 'argument': truncation from 'double' to 'GLfloat'
C:\Users\laptop\source\repos\client and server\client and server\Source.cpp(457): warning C4244: '=': conversion from 'double' to 'float', possible loss of data
C:\Users\laptop\source\repos\client and server\client and server\Source.cpp(465): warning C4244: '=': conversion from 'double' to 'float', possible loss of data
C:\Users\laptop\source\repos\client and server\client and server\Source.cpp(473): warning C4305: 'argument': truncation from 'double' to 'GLfloat'
C:\Users\laptop\source\repos\client and server\client and server\Source.cpp(496): warning C4244: '=': conversion from 'double' to 'float', possible loss of data
C:\Users\laptop\source\repos\client and server\client and server\Source.cpp(504): warning C4244: '=': conversion from 'double' to 'float', possible loss of data
C:\Users\laptop\source\repos\client and server\client and server\Source.cpp(512): warning C4305: 'argument': truncation from 'double' to 'GLfloat'
C:\Users\laptop\source\repos\client and server\client and server\Source.cpp(535): warning C4244: '=': conversion from 'double' to 'float', possible loss of data
C:\Users\laptop\source\repos\client and server\client and server\Source.cpp(543): warning C4244: '=': conversion from 'double' to 'float', possible loss of data
C:\Users\laptop\source\repos\client and server\client and server\Source.cpp(552): warning C4305: 'argument': truncation from 'double' to 'GLfloat'
C:\Users\laptop\source\repos\client and server\client and server\Source.cpp(573): warning C4244: '=': conversion from 'double' to 'float', possible loss of data
C:\Users\laptop\source\repos\client and server\client and server\Source.cpp(581): warning C4244: '=': conversion from 'double' to 'float', possible loss of data
C:\Users\laptop\source\repos\client and server\client and server\Source.cpp(589): warning C4305: 'argument': truncation from 'double' to 'GLfloat'
C:\Users\laptop\source\repos\client and server\client and server\Source.cpp(601): warning C4305: 'argument': truncation from 'double' to 'GLfloat'
C:\Users\laptop\source\repos\client and server\client and server\Source.cpp(657): warning C4244: '=': conversion from 'double' to 'float', possible loss of data
C:\Users\laptop\source\repos\client and server\client and server\Source.cpp(665): warning C4244: '=': conversion from 'double' to 'float', possible loss of data
C:\Users\laptop\source\repos\client and server\client and server\Source.cpp(673): warning C4305: 'argument': truncation from 'double' to 'GLfloat'
C:\Users\laptop\source\repos\client and server\client and server\Source.cpp(685): warning C4305: 'argument': truncation from 'double' to 'GLfloat'
C:\Users\laptop\source\repos\client and server\client and server\Source.cpp(742): warning C4244: '=': conversion from 'double' to 'float', possible loss of data
C:\Users\laptop\source\repos\client and server\client and server\Source.cpp(750): warning C4244: '=': conversion from 'double' to 'float', possible loss of data
C:\Users\laptop\source\repos\client and server\client and server\Source.cpp(758): warning C4305: 'argument': truncation from 'double' to 'GLfloat'
C:\Users\laptop\source\repos\client and server\client and server\Source.cpp(770): warning C4305: 'argument': truncation from 'double' to 'GLfloat'
C:\Users\laptop\source\repos\client and server\client and server\Source.cpp(791): warning C4244: '=': conversion from 'double' to 'float', possible loss of data
C:\Users\laptop\source\repos\client and server\client and server\Source.cpp(799): warning C4244: '=': conversion from 'double' to 'float', possible loss of data
C:\Users\laptop\source\repos\client and server\client and server\Source.cpp(814): warning C4305: 'argument': truncation from 'double' to 'GLfloat'
C:\Users\laptop\source\repos\client and server\client and server\Source.cpp(826): warning C4305: 'argument': truncation from 'double' to 'GLfloat'
C:\Users\laptop\source\repos\client and server\client and server\Source.cpp(928): warning C4244: '=': conversion from 'double' to 'float', possible loss of data
C:\Users\laptop\source\repos\client and server\client and server\Source.cpp(943): warning C4244: '=': conversion from 'double' to 'float', possible loss of data
C:\Users\laptop\source\repos\client and server\client and server\Source.cpp(956): warning C4305: 'argument': truncation from 'double' to 'GLfloat'
C:\Users\laptop\source\repos\client and server\client and server\Source.cpp(970): warning C4244: '=': conversion from 'double' to 'float', possible loss of data
C:\Users\laptop\source\repos\client and server\client and server\Source.cpp(985): warning C4244: '=': conversion from 'double' to 'float', possible loss of data
C:\Users\laptop\source\repos\client and server\client and server\Source.cpp(998): warning C4305: 'argument': truncation from 'double' to 'GLfloat'
C:\Users\laptop\source\repos\client and server\client and server\Source.cpp(1004): warning C4554: '&': check operator precedence for possible error; use parentheses to clarify precedence
C:\Users\laptop\source\repos\client and server\client and server\Source.cpp(1028): warning C4305: 'argument': truncation from 'double' to 'GLfloat'
C:\Users\laptop\source\repos\client and server\client and server\Source.cpp(1071): error C3484: syntax error: expected '->' before the return type
C:\Users\laptop\source\repos\client and server\client and server\Source.cpp(1072): error C3613: missing return type after '->' ('int' assumed)
C:\Users\laptop\source\repos\client and server\client and server\Source.cpp(1072): error C3551: if a trailing return type is used then the leading return type shall be the single type-specifier 'auto' (not 'void')
C:\Users\laptop\source\repos\client and server\client and server\Source.cpp(1078): warning C4244: '=': conversion from 'double' to 'float', possible loss of data
C:\Users\laptop\source\repos\client and server\client and server\Source.cpp(1086): warning C4244: '=': conversion from 'double' to 'float', possible loss of data
C:\Users\laptop\source\repos\client and server\client and server\Source.cpp(1101): warning C4305: 'argument': truncation from 'double' to 'GLfloat'
C:\Users\laptop\source\repos\client and server\client and server\Source.cpp(1137): warning C4305: 'argument': truncation from 'double' to 'GLfloat'
C:\Users\laptop\source\repos\client and server\client and server\Source.cpp(1157): warning C4305: 'argument': truncation from 'double' to 'GLfloat'
C:\Users\laptop\source\repos\client and server\client and server\Source.cpp(1174): warning C4305: 'argument': truncation from 'double' to 'GLfloat'
C:\Users\laptop\source\repos\client and server\client and server\Source.cpp(1188): warning C4305: 'argument': truncation from 'double' to 'GLfloat'
C:\Users\laptop\source\repos\client and server\client and server\Source.cpp(1202): warning C4305: 'argument': truncation from 'double' to 'GLfloat'
C:\Users\laptop\source\repos\client and server\client and server\Source.cpp(1216): warning C4305: 'argument': truncation from 'double' to 'GLfloat'
C:\Users\laptop\source\repos\client and server\client and server\Source.cpp(1229): warning C4305: 'argument': truncation from 'double' to 'GLfloat'
C:\Users\laptop\source\repos\client and server\client and server\Source.cpp(1242): warning C4305: 'argument': truncation from 'double' to 'GLfloat'
C:\Users\laptop\source\repos\client and server\client and server\Source.cpp(1279): warning C4305: 'argument': truncation from 'double' to 'GLfloat'
C:\Users\laptop\source\repos\client and server\client and server\Source.cpp(1302): warning C4305: 'argument': truncation from 'double' to 'GLfloat'
C:\Users\laptop\source\repos\client and server\client and server\Source.cpp(1312): warning C4305: 'argument': truncation from 'double' to 'GLfloat'
C:\Users\laptop\source\repos\client and server\client and server\Source.cpp(1322): warning C4305: 'argument': truncation from 'double' to 'GLfloat'
C:\Users\laptop\source\repos\client and server\client and server\Source.cpp(1332): warning C4305: 'argument': truncation from 'double' to 'GLfloat'
C:\Users\laptop\source\repos\client and server\client and server\Source.cpp(1342): warning C4305: 'argument': truncation from 'double' to 'GLfloat'
C:\Users\laptop\source\repos\client and server\client and server\Source.cpp(1469): error C2143: syntax error: missing ';' before 'if'
C:\Users\laptop\source\repos\client and server\client and server\Source.cpp(1469): error C2059: syntax error: 'if'
C:\Users\laptop\source\repos\client and server\client and server\Source.cpp(1470): error C2143: syntax error: missing ';' before '{'
C:\Users\laptop\source\repos\client and server\client and server\Source.cpp(1470): error C2447: '{': missing function header (old-style formal list?)
C:\Users\laptop\source\repos\client and server\client and server\Source.cpp(1476): error C2059: syntax error: 'if'
C:\Users\laptop\source\repos\client and server\client and server\Source.cpp(1477): error C2143: syntax error: missing ';' before '{'
C:\Users\laptop\source\repos\client and server\client and server\Source.cpp(1477): error C2447: '{': missing function header (old-style formal list?)
C:\Users\laptop\source\repos\client and server\client and server\Source.cpp(1482): error C2059: syntax error: '}'
C:\Users\laptop\source\repos\client and server\client and server\Source.cpp(1482): error C2143: syntax error: missing ';' before '}'
C:\Users\laptop\source\repos\client and server\client and server\Source.cpp(1487): error C2143: syntax error: missing ';' before '{'
C:\Users\laptop\source\repos\client and server\client and server\Source.cpp(1487): error C2447: '{': missing function header (old-style formal list?)
C:\Users\laptop\source\repos\client and server\client and server\Source.cpp(1538): warning C4326: return type of 'main' should be 'int' instead of 'void'
C:\Users\laptop\source\repos\client and server\client and server\Source.cpp(1552): error C2065: 'CS1': undeclared identifier
